  main.c
C:\Users\UBER_USER\Desktop\ogl_begin\ogl_begin\main.c(24,6): warning C4101: randnum: неиспользованная локальная переменная
C:\Users\UBER_USER\Desktop\ogl_begin\ogl_begin\main.c(24,15): warning C4101: i: неиспользованная локальная переменная
C:\Users\UBER_USER\Desktop\ogl_begin\ogl_begin\main.c(56,16): warning C4244: функция: преобразование "int" в "GLfloat", возможна потеря данных
C:\Users\UBER_USER\Desktop\ogl_begin\ogl_begin\main.c(57,18): warning C4244: функция: преобразование "int" в "GLfloat", возможна потеря данных
C:\Users\UBER_USER\Desktop\ogl_begin\ogl_begin\main.c(58,18): warning C4244: функция: преобразование "int" в "GLfloat", возможна потеря данных
C:\Users\UBER_USER\Desktop\ogl_begin\ogl_begin\main.c(58,28): warning C4244: функция: преобразование "int" в "GLfloat", возможна потеря данных
C:\Users\UBER_USER\Desktop\ogl_begin\ogl_begin\main.c(59,16): warning C4244: функция: преобразование "int" в "GLfloat", возможна потеря данных
C:\Users\UBER_USER\Desktop\ogl_begin\ogl_begin\main.c(59,24): warning C4244: функция: преобразование "int" в "GLfloat", возможна потеря данных
C:\Users\UBER_USER\Desktop\ogl_begin\ogl_begin\main.c(69,16): warning C4244: функция: преобразование "int" в "GLfloat", возможна потеря данных
C:\Users\UBER_USER\Desktop\ogl_begin\ogl_begin\main.c(69,24): warning C4244: функция: преобразование "int" в "GLfloat", возможна потеря данных
C:\Users\UBER_USER\Desktop\ogl_begin\ogl_begin\main.c(70,18): warning C4244: функция: преобразование "int" в "GLfloat", возможна потеря данных
C:\Users\UBER_USER\Desktop\ogl_begin\ogl_begin\main.c(70,28): warning C4244: функция: преобразование "int" в "GLfloat", возможна потеря данных
C:\Users\UBER_USER\Desktop\ogl_begin\ogl_begin\main.c(71,18): warning C4244: функция: преобразование "int" в "GLfloat", возможна потеря данных
C:\Users\UBER_USER\Desktop\ogl_begin\ogl_begin\main.c(71,32): warning C4244: функция: преобразование "int" в "GLfloat", возможна потеря данных
C:\Users\UBER_USER\Desktop\ogl_begin\ogl_begin\main.c(72,16): warning C4244: функция: преобразование "int" в "GLfloat", возможна потеря данных
C:\Users\UBER_USER\Desktop\ogl_begin\ogl_begin\main.c(72,28): warning C4244: функция: преобразование "int" в "GLfloat", возможна потеря данных
  Создание кода
  Previous IPDB not found, fall back to full compilation.
  All 8 functions were compiled because no usable IPDB/IOBJ from previous compilation was found.
  Создание кода завершено
  ogl_begin.vcxproj -> C:\Users\UBER_USER\Desktop\ogl_begin\Release\ogl_begin.exe
